app/proguard-project.txt
# To enable ProGuard in your project, edit project.properties
# to define the proguard.config property as described in that file.
#
# Add project specific ProGuard rules here.
# By default, the flags in this file are appended to flags specified
# in ${sdk.dir}/tools/proguard/proguard-android.txt
# You can edit the include path and order by changing the ProGuard
# include property in project.properties.
#
# For more details, see
#   http://developer.android.com/guide/developing/tools/proguard.html

# Add any project specific keep options here:

# If your project uses WebView with JS, uncomment the following
# and specify the fully qualified class name to the JavaScript interface
# class:
-keepclassmembers class fqcn.of.javascript.interface.for.webview {
   public *;
}
#-libraryjars libs/android-support-v4.jar
-keep class com.tapjoy.** { *; }
-keepattributes JavascriptInterface
-keepclasseswithmembers class * {
    @android.webkit.JavascriptInterface <methods>;
}

#for google play service
-keep class * extends java.util.ListResourceBundle {
    protected Object[][] getContents();
}

-keep public class com.google.android.gms.common.internal.safeparcel.SafeParcelable {
    public static final *** NULL;
}

-keepnames @com.google.android.gms.common.annotation.KeepName class *
-keepclassmembernames class * {
    @com.google.android.gms.common.annotation.KeepName *;
}

-keepnames class * implements android.os.Parcelable {
    public static final ** CREATOR;
}

-keep class com.google.android.gms.ads.identifier.** { *; }

-dontwarn com.squareup.okhttp.**

#-keep public class com.handmark.pulltorefresh.library.extras.PullToRefreshWebView2.JsValueCallback {
#  public void isReadyForPullUpResponse(boolean response);
#}
#
#-keep public class com.handmark.pulltorefresh.library.extras.PullToRefreshWebView2.JsValueCallback {
#  public void isReadyForPullDownResponse(boolean response);