app/build/outputs/mapping/release/seeds.txt
hotelokura.jalhotels.oneharmony.MainApplication
hotelokura.jalhotels.oneharmony.MainApplication: MainApplication()
hotelokura.jalhotels.oneharmony.R$anim: int abc_fade_in
hotelokura.jalhotels.oneharmony.R$anim: int abc_fade_out
hotelokura.jalhotels.oneharmony.R$anim: int abc_grow_fade_in_from_bottom
hotelokura.jalhotels.oneharmony.R$anim: int abc_popup_enter
hotelokura.jalhotels.oneharmony.R$anim: int abc_popup_exit
hotelokura.jalhotels.oneharmony.R$anim: int abc_shrink_fade_out_from_bottom
hotelokura.jalhotels.oneharmony.R$anim: int abc_slide_in_bottom
hotelokura.jalhotels.oneharmony.R$anim: int abc_slide_in_top
hotelokura.jalhotels.oneharmony.R$anim: int abc_slide_out_bottom
hotelokura.jalhotels.oneharmony.R$anim: int abc_slide_out_top
hotelokura.jalhotels.oneharmony.R$anim: int catalog_page_in_left
hotelokura.jalhotels.oneharmony.R$anim: int catalog_page_in_right
hotelokura.jalhotels.oneharmony.R$anim: int catalog_page_out_left
hotelokura.jalhotels.oneharmony.R$anim: int catalog_page_out_right
hotelokura.jalhotels.oneharmony.R$anim: int fragment_slide_left_enter
hotelokura.jalhotels.oneharmony.R$anim: int fragment_slide_left_exit
hotelokura.jalhotels.oneharmony.R$anim: int fragment_slide_right_enter
hotelokura.jalhotels.oneharmony.R$anim: int fragment_slide_right_exit
hotelokura.jalhotels.oneharmony.R$anim: int news_slide_left_enter
hotelokura.jalhotels.oneharmony.R$anim: int news_slide_left_exit
hotelokura.jalhotels.oneharmony.R$anim: int news_slide_right_enter
hotelokura.jalhotels.oneharmony.R$anim: int news_slide_right_exit
hotelokura.jalhotels.oneharmony.R$anim: int pull_in_left
hotelokura.jalhotels.oneharmony.R$attr: int actionBarDivider
hotelokura.jalhotels.oneharmony.R$attr: int actionBarItemBackground
hotelokura.jalhotels.oneharmony.R$attr: int actionBarPopupTheme
hotelokura.jalhotels.oneharmony.R$attr: int actionBarSize
hotelokura.jalhotels.oneharmony.R$attr: int actionBarSplitStyle
hotelokura.jalhotels.oneharmony.R$attr: int actionBarStyle
hotelokura.jalhotels.oneharmony.R$attr: int actionBarTabBarStyle
hotelokura.jalhotels.oneharmony.R$attr: int actionBarTabStyle
hotelokura.jalhotels.oneharmony.R$attr: int actionBarTabTextStyle
hotelokura.jalhotels.oneharmony.R$attr: int actionBarTheme
hotelokura.jalhotels.oneharmony.R$attr: int actionBarWidgetTheme
hotelokura.jalhotels.oneharmony.R$attr: int actionButtonStyle
hotelokura.jalhotels.oneharmony.R$attr: int actionDropDownStyle
hotelokura.jalhotels.oneharmony.R$attr: int actionLayout
hotelokura.jalhotels.oneharmony.R$attr: int actionMenuTextAppearance
hotelokura.jalhotels.oneharmony.R$attr: int actionMenuTextColor
hotelokura.jalhotels.oneharmony.R$attr: int actionModeBackground
hotelokura.jalhotels.oneharmony.R$attr: int actionModeCloseButtonStyle
hotelokura.jalhotels.oneharmony.R$attr: int actionModeCloseDrawable
hotelokura.jalhotels.oneharmony.R$attr: int actionModeCopyDrawable
hotelokura.jalhotels.oneharmony.R$attr: int actionModeCutDrawable
hotelokura.jalhotels.oneharmony.R$attr: int actionModeFindDrawable
hotelokura.jalhotels.oneharmony.R$attr: int actionModePasteDrawable
hotelokura.jalhotels.oneharmony.R$bool: int abc_action_bar_embed_tabs
hotelokura.jalhotels.oneharmony.R$bool: int abc_action_bar_embed_tabs_pre_jb
hotelokura.jalhotels.oneharmony.R$bool: int abc_action_bar_expanded_action_views_exclusive
hotelokura.jalhotels.oneharmony.R$bool: int abc_config_actionMenuItemAllCaps
hotelokura.jalhotels.oneharmony.R$bool: int abc_config_allowActionMenuItemTextWithIcon
hotelokura.jalhotels.oneharmony.R$bool: int abc_config_closeDialogWhenTouchOutside
hotelokura.jalhotels.oneharmony.R$bool: int abc_config_showMenuShortcutsWhenKeyboardPresent
hotelokura.jalhotels.oneharmony.R$bool: int default_pref_show_shadow
...
com.tapjoy.TJAdUnitJSBridge$ShowWebView$1
com.tapjoy.TJAdUnitJSBridge$ShowWebView$1: boolean val$visible
com.tapjoy.TJAdUnitJSBridge$ShowWebView$1: boolean val$transparent
com.tapjoy.TJAdUnitJSBridge$ShowWebView$1: com.tapjoy.TJAdUnitJSBridge$ShowWebView this$1
com.tapjoy.TJAdUnitJSBridge$ShowWebView$1: TJAdUnitJSBridge$ShowWebView$1(com.tapjoy.TJAdUnitJSBridge$ShowWebView,boolean,boolean)
com.tapjoy.TJAdUnitJSBridge$ShowWebView$1: void run()
com.tapjoy.TJAdUnitView
com.tapjoy.TJAdUnitView: android.widget.RelativeLayout layout
com.tapjoy.TJAdUnitView: com.tapjoy.mraid.view.MraidView webView
com.tapjoy.TJAdUnitView: java.lang.String offersURL
com.tapjoy.TJAdUnitView: java.lang.String url
com.tapjoy.TJAdUnitView: boolean pauseCalled
com.tapjoy.TJAdUnitView: boolean skipOfferWall
com.tapjoy.TJAdUnitView: int viewType
com.tapjoy.TJAdUnitView: com.tapjoy.TJEventData eventData
com.tapjoy.TJAdUnitView: com.tapjoy.TJEvent event
com.tapjoy.TJAdUnitView: com.tapjoy.TJAdUnitJSBridge bridge
com.tapjoy.TJAdUnitView: java.lang.String callbackID
com.tapjoy.TJAdUnitView: boolean isLegacyView
com.tapjoy.TJAdUnitView: android.widget.ProgressBar progressBar
com.tapjoy.TJAdUnitView: int historyIndex
com.tapjoy.TJAdUnitView: boolean redirectedActivity
com.tapjoy.TJAdUnitView: java.lang.String TAG
com.tapjoy.TJAdUnitView: android.widget.ImageButton closeButton
com.tapjoy.TJAdUnitView: boolean closeButtonVisible
com.tapjoy.TJAdUnitView: int CLOSE_BUTTON_OFFSET
com.tapjoy.TJAdUnitView: long DURATION_OF_CLOSE_FADE_IN
com.tapjoy.TJAdUnitView: long DELAY_BEFORE_CLOSE_FADE_IN
com.tapjoy.TJAdUnitView: java.lang.String connectivityErrorMessage
com.tapjoy.TJAdUnitView: TJAdUnitView()
com.tapjoy.TJAdUnitView: void onCreate(android.os.Bundle)
com.tapjoy.TJAdUnitView: void initUI()
com.tapjoy.TJAdUnitView: void setCloseButtonVisibility(boolean)
com.tapjoy.TJAdUnitView: android.graphics.Bitmap getTransparentCloseBitmap()
com.tapjoy.TJAdUnitView$1
com.tapjoy.TJAdUnitView$1: com.tapjoy.TJAdUnitView this$0
com.tapjoy.TJAdUnitView$1: TJAdUnitView$1(com.tapjoy.TJAdUnitView)
com.tapjoy.TJAdUnitView$1: void onClick(android.view.View)
com.tapjoy.TJAdUnitView$2
com.tapjoy.TJAdUnitView$2: com.tapjoy.TJAdUnitView this$0
com.tapjoy.TJAdUnitView$2: TJAdUnitView$2(com.tapjoy.TJAdUnitView)
com.tapjoy.TJAdUnitView$2: void run()
com.tapjoy.TJAdUnitView$2$1
com.tapjoy.TJAdUnitView$2$1: com.tapjoy.TJAdUnitView$2 this$1
com.tapjoy.TJAdUnitView$2$1: TJAdUnitView$2$1(com.tapjoy.TJAdUnitView$2)
com.tapjoy.TJAdUnitView$2$1: void onAnimationCancel(android.animation.Animator)
com.tapjoy.TJAdUnitView$2$1: void onAnimationRepeat(android.animation.Animator)
com.tapjoy.TJAdUnitView$2$1: void onAnimationStart(android.animation.Animator)
com.tapjoy.TJAdUnitView$2$1: void onAnimationEnd(android.animation.Animator)
com.tapjoy.TJAdUnitView$3
com.tapjoy.TJAdUnitView$3: com.tapjoy.TJAdUnitView this$0
com.tapjoy.TJAdUnitView$3: TJAdUnitView$3(com.tapjoy.TJAdUnitView)
com.tapjoy.TJAdUnitView$3: void onClick(android.content.DialogInterface,int)
com.tapjoy.TJAdUnitView$4
com.tapjoy.TJAdUnitView$4: com.tapjoy.TJAdUnitView this$0
com.tapjoy.TJAdUnitView$4: TJAdUnitView$4(com.tapjoy.TJAdUnitView)
com.tapjoy.TJAdUnitView$4: void onClick(android.content.DialogInterface,int)
com.tapjoy.TJAdUnitView$5
com.tapjoy.TJAdUnitView$5: com.tapjoy.TJAdUnitView this$0
com.tapjoy.TJAdUnitView$5: TJAdUnitView$5(com.tapjoy.TJAdUnitView)
com.tapjoy.TJAdUnitView$5: void run()