app/build/outputs/mapping/release/mapping.txt
hotelokura.jalhotels.oneharmony.JSONParser -> hotelokura.jalhotels.oneharmony.a:
    java.lang.String API_LOGIN -> a
    java.lang.String prefname -> b
    java.lang.String url_join -> c
    java.lang.String url_forgot -> d
    java.lang.String page_home -> e
    java.io.InputStream is -> f
    org.json.JSONObject jObj -> g
    java.lang.String json -> h
    void <init>() -> <init>
    void <clinit>() -> <clinit>
hotelokura.jalhotels.oneharmony.MainApplication -> hotelokura.jalhotels.oneharmony.MainApplication:
    hotelokura.jalhotels.oneharmony.MainApplication instance -> a
    java.lang.String appName -> b
    hotelokura.jalhotels.oneharmony.cache.DiskCache dickCache -> c
    hotelokura.jalhotels.oneharmony.setting.AppNetSetting appNetSetting -> d
    hotelokura.jalhotels.oneharmony.setting.AppSetting appSetting -> e
    hotelokura.jalhotels.oneharmony.activity.cataloglist.CatalogListData listData -> f
    hotelokura.jalhotels.oneharmony.activity.cataloglist.CatalogListItemData itemData -> g
    hotelokura.jalhotels.oneharmony.setting.CsvArray coverflowCsvArray -> h
    hotelokura.jalhotels.oneharmony.setting.CsvArray cataloglistCsvArray -> i
    hotelokura.jalhotels.oneharmony.setting.CsvArray storelistCsvArray -> j
    hotelokura.jalhotels.oneharmony.setting.CatalogSetting currentCatalogSetting -> k
    java.lang.String mCurrentCatalogListId -> l
    java.lang.String mCurrentCatalogListTitle -> m
    java.lang.String[] mCurrentCatalogListTags -> n
    java.lang.String mCurrentCatalogId -> o
    java.lang.String mWebTopUrl -> p
    java.lang.String mWebTopTitle -> q
    hotelokura.jalhotels.oneharmony.analytics.CheckAction mCheckAction -> r
    hotelokura.jalhotels.oneharmony.MainApplication getInstance() -> a
    void <init>() -> <init>
    hotelokura.jalhotels.oneharmony.cache.DiskCache getDickCache() -> b
hotelokura.jalhotels.oneharmony.R -> hotelokura.jalhotels.oneharmony.b:
hotelokura.jalhotels.oneharmony.R$styleable -> hotelokura.jalhotels.oneharmony.c:
    int[] ActionBar -> ActionBar
    int ActionBar_background -> ActionBar_background
    int ActionBar_backgroundSplit -> ActionBar_backgroundSplit
    int ActionBar_backgroundStacked -> ActionBar_backgroundStacked
    int ActionBar_contentInsetEnd -> ActionBar_contentInsetEnd
    int ActionBar_contentInsetLeft -> ActionBar_contentInsetLeft
    int ActionBar_contentInsetRight -> ActionBar_contentInsetRight
    int ActionBar_contentInsetStart -> ActionBar_contentInsetStart
    int ActionBar_customNavigationLayout -> ActionBar_customNavigationLayout
    int ActionBar_displayOptions -> ActionBar_displayOptions
    int ActionBar_divider -> ActionBar_divider
    int ActionBar_elevation -> ActionBar_elevation
    int ActionBar_height -> ActionBar_height
    int ActionBar_hideOnContentScroll -> ActionBar_hideOnContentScroll
    int ActionBar_homeAsUpIndicator -> ActionBar_homeAsUpIndicator
    int ActionBar_homeLayout -> ActionBar_homeLayout
    int ActionBar_icon -> ActionBar_icon
    int ActionBar_indeterminateProgressStyle -> ActionBar_indeterminateProgressStyle
    int ActionBar_itemPadding -> ActionBar_itemPadding
    int ActionBar_logo -> ActionBar_logo
    int ActionBar_navigationMode -> ActionBar_navigationMode
    int ActionBar_popupTheme -> ActionBar_popupTheme
    int ActionBar_progressBarPadding -> ActionBar_progressBarPadding
...
cz.msebera.android.httpclient.protocol.RequestExpectContinue -> a.a.a.a.n.k:
    boolean activeByDefault -> a
    void <init>() -> <init>
    void <init>(boolean) -> <init>
    void process(cz.msebera.android.httpclient.HttpRequest,cz.msebera.android.httpclient.protocol.HttpContext) -> a
cz.msebera.android.httpclient.protocol.RequestTargetHost -> a.a.a.a.n.l:
    void <init>() -> <init>
    void process(cz.msebera.android.httpclient.HttpRequest,cz.msebera.android.httpclient.protocol.HttpContext) -> a
cz.msebera.android.httpclient.protocol.RequestUserAgent -> a.a.a.a.n.m:
    java.lang.String userAgent -> a
    void <init>(java.lang.String) -> <init>
    void <init>() -> <init>
    void process(cz.msebera.android.httpclient.HttpRequest,cz.msebera.android.httpclient.protocol.HttpContext) -> a
cz.msebera.android.httpclient.protocol.SyncBasicHttpContext -> a.a.a.a.n.n:
    void <init>(cz.msebera.android.httpclient.protocol.HttpContext) -> <init>
    void <init>() -> <init>
    java.lang.Object getAttribute(java.lang.String) -> a
    void setAttribute(java.lang.String,java.lang.Object) -> a
cz.msebera.android.httpclient.util.Args -> a.a.a.a.o.a:
    void check(boolean,java.lang.String) -> a
    void check(boolean,java.lang.String,java.lang.Object[]) -> a
    java.lang.Object notNull(java.lang.Object,java.lang.String) -> a
    java.lang.CharSequence notEmpty(java.lang.CharSequence,java.lang.String) -> a
    java.lang.CharSequence notBlank(java.lang.CharSequence,java.lang.String) -> b
    java.util.Collection notEmpty(java.util.Collection,java.lang.String) -> a
    int positive(int,java.lang.String) -> a
    int notNegative(int,java.lang.String) -> b
    long notNegative(long,java.lang.String) -> a
cz.msebera.android.httpclient.util.Asserts -> a.a.a.a.o.b:
    void check(boolean,java.lang.String) -> a
    void notNull(java.lang.Object,java.lang.String) -> a
cz.msebera.android.httpclient.util.ByteArrayBuffer -> a.a.a.a.o.c:
    byte[] buffer -> a
    int len -> b
    void <init>(int) -> <init>
    void expand(int) -> c
    void append(byte[],int,int) -> a
    void append(int) -> a
    void append(char[],int,int) -> a
    void append(cz.msebera.android.httpclient.util.CharArrayBuffer,int,int) -> a
    void clear() -> a
    byte[] toByteArray() -> b
    int byteAt(int) -> b
    int capacity() -> c
    int length() -> d
    byte[] buffer() -> e
    boolean isEmpty() -> f
    boolean isFull() -> g
cz.msebera.android.httpclient.util.CharArrayBuffer -> a.a.a.a.o.d:
    char[] buffer -> a
    int len -> b
    void <init>(int) -> <init>
    void expand(int) -> d
    void append(char[],int,int) -> a
    void append(java.lang.String) -> a
    void append(cz.msebera.android.httpclient.util.CharArrayBuffer,int,int) -> a
    void append(char) -> a
    void append(byte[],int,int) -> a
    void append(cz.msebera.android.httpclient.util.ByteArrayBuffer,int,int) -> a
    void clear() -> a
    char charAt(int) -> a
    char[] buffer() -> b
    int length() -> c
    void ensureCapacity(int) -> b
    boolean isEmpty() -> d
    int indexOf(int,int,int) -> a
    int indexOf(int) -> c
    java.lang.String substring(int,int) -> a
    java.lang.String substringTrimmed(int,int) -> b
    java.lang.String toString() -> toString
cz.msebera.android.httpclient.util.EncodingUtils -> a.a.a.a.o.e:
    byte[] getBytes(java.lang.String,java.lang.String) -> a
    byte[] getAsciiBytes(java.lang.String) -> a
    java.lang.String getAsciiString(byte[],int,int) -> a
    java.lang.String getAsciiString(byte[]) -> a
cz.msebera.android.httpclient.util.EntityUtils -> a.a.a.a.o.f:
    void consume(cz.msebera.android.httpclient.HttpEntity) -> a
    byte[] toByteArray(cz.msebera.android.httpclient.HttpEntity) -> b