app/build/outputs/mapping/release/usage.txt
hotelokura.jalhotels.oneharmony.BuildConfig
hotelokura.jalhotels.oneharmony.JSONParser:
    48:102:public org.json.JSONObject makeHttpRequest(java.lang.String,java.lang.String,java.util.List)
hotelokura.jalhotels.oneharmony.MainApplication:
    static final java.lang.String TAG
    private android.content.pm.ApplicationInfo mAppliInfo
    257:258:public static java.io.File getDataDir()
    268:269:public static java.io.File getDownloadCacheDir()
    282:283:public static java.io.File getExternalStorageDir()
    302:302:public static java.lang.String makeUUIDString()
    325:325:public boolean isLDpi()
    355:355:public int px2dp(int)
    415:423:public int getVersionCode()
    459:469:public android.content.pm.ApplicationInfo getAppInfo()
    476:480:public java.lang.String getApiKey()
hotelokura.jalhotels.oneharmony.Manifest
hotelokura.jalhotels.oneharmony.Manifest$permission
hotelokura.jalhotels.oneharmony.R:
    10:10:public R()
hotelokura.jalhotels.oneharmony.R$anim
hotelokura.jalhotels.oneharmony.R$attr
hotelokura.jalhotels.oneharmony.R$bool
hotelokura.jalhotels.oneharmony.R$color
hotelokura.jalhotels.oneharmony.R$dimen
hotelokura.jalhotels.oneharmony.R$drawable
hotelokura.jalhotels.oneharmony.R$id
hotelokura.jalhotels.oneharmony.R$integer
hotelokura.jalhotels.oneharmony.R$layout
hotelokura.jalhotels.oneharmony.R$menu
hotelokura.jalhotels.oneharmony.R$string
hotelokura.jalhotels.oneharmony.R$style
hotelokura.jalhotels.oneharmony.R$styleable:
    3520:3520:public R$styleable()
hotelokura.jalhotels.oneharmony.activity.ActivitySkeleton:
    static final java.lang.String TAG
    21:21:public int getColor(int)
hotelokura.jalhotels.oneharmony.activity.CatalogDickCachUtil:
    private static final java.lang.String TAG
    23:24:private CatalogDickCachUtil()
hotelokura.jalhotels.oneharmony.activity.MainActivity:
    static final java.lang.String TAG
hotelokura.jalhotels.oneharmony.activity.bookmark.BookmarkActivity:
    static final java.lang.String TAG
hotelokura.jalhotels.oneharmony.activity.bookmark.BookmarkAdapter:
    74:74:public int getDeleteStyle()
hotelokura.jalhotels.oneharmony.activity.bookmark.BookmarkData:
    private static final long serialVersionUID
hotelokura.jalhotels.oneharmony.activity.bookmark.BookmarkDatas:
    52:53:public void add(java.lang.String,int)
hotelokura.jalhotels.oneharmony.activity.bookmark.BookmarkItemView:
    static final java.lang.String TAG
    26:28:public BookmarkItemView(android.content.Context,android.util.AttributeSet)
    31:33:public BookmarkItemView(android.content.Context,android.util.AttributeSet,int)
hotelokura.jalhotels.oneharmony.activity.bookmark.BookmarkNavigationView:
    static final java.lang.String TAG
hotelokura.jalhotels.oneharmony.activity.catalog.CatalogActivity:
    static final java.lang.String TAG
    334:334:public hotelokura.jalhotels.oneharmony.activity.catalog.CatalogPagerView getPagerView()
    338:338:public hotelokura.jalhotels.oneharmony.activity.catalog.CatalogPagerAdapter getPagerAdpter()
    730:741:private void intentExternalBrowser(java.lang.String)
hotelokura.jalhotels.oneharmony.activity.catalog.CatalogFileNameUtil:
    7:8:private CatalogFileNameUtil()
hotelokura.jalhotels.oneharmony.activity.catalog.CatalogLinkIndicatorView:
    static final java.lang.String TAG
hotelokura.jalhotels.oneharmony.activity.catalog.CatalogLinkSelectView:
    static final java.lang.String TAG
    25:27:public CatalogLinkSelectView(android.content.Context,android.util.AttributeSet)
hotelokura.jalhotels.oneharmony.activity.catalog.CatalogNavigationView:
    static final java.lang.String TAG
hotelokura.jalhotels.oneharmony.activity.catalog.CatalogPage:
    static final java.lang.String TAG
    81:81:public hotelokura.jalhotels.oneharmony.activity.catalog.CatalogPage$Align getAlign()
    89:90:public void setRectangle(android.graphics.RectF)
    93:93:public android.graphics.RectF getRectangle()
    105:105:public float getLevel()
...
com.google.android.gms.tagmanager.cy$2
com.google.android.gms.tagmanager.cy$3
com.google.android.gms.tagmanager.cz
com.google.android.gms.tagmanager.cz$1
com.google.android.gms.tagmanager.d
com.google.android.gms.tagmanager.da
com.google.android.gms.tagmanager.db
com.google.android.gms.tagmanager.db$a
com.google.android.gms.tagmanager.dc
com.google.android.gms.tagmanager.dd
com.google.android.gms.tagmanager.de
com.google.android.gms.tagmanager.df
com.google.android.gms.tagmanager.df$a
com.google.android.gms.tagmanager.dg
com.google.android.gms.tagmanager.dh
com.google.android.gms.tagmanager.di
com.google.android.gms.tagmanager.dj
com.google.android.gms.tagmanager.dk
com.google.android.gms.tagmanager.dl
com.google.android.gms.tagmanager.dm
com.google.android.gms.tagmanager.e
com.google.android.gms.tagmanager.f
com.google.android.gms.tagmanager.g
com.google.android.gms.tagmanager.h
com.google.android.gms.tagmanager.i
com.google.android.gms.tagmanager.i$1
com.google.android.gms.tagmanager.i$a
com.google.android.gms.tagmanager.j
com.google.android.gms.tagmanager.k
com.google.android.gms.tagmanager.l
com.google.android.gms.tagmanager.l$1
com.google.android.gms.tagmanager.l$a
com.google.android.gms.tagmanager.m
com.google.android.gms.tagmanager.n
com.google.android.gms.tagmanager.n$a
com.google.android.gms.tagmanager.n$b
com.google.android.gms.tagmanager.o
com.google.android.gms.tagmanager.o$1
com.google.android.gms.tagmanager.o$2
com.google.android.gms.tagmanager.o$a
com.google.android.gms.tagmanager.o$b
com.google.android.gms.tagmanager.o$c
com.google.android.gms.tagmanager.o$d
com.google.android.gms.tagmanager.o$e
com.google.android.gms.tagmanager.o$f
com.google.android.gms.tagmanager.p
com.google.android.gms.tagmanager.q
com.google.android.gms.tagmanager.r
com.google.android.gms.tagmanager.s
com.google.android.gms.tagmanager.s$a
com.google.android.gms.tagmanager.t
com.google.android.gms.tagmanager.u
com.google.android.gms.tagmanager.v
com.google.android.gms.tagmanager.v$1
com.google.android.gms.tagmanager.v$2
com.google.android.gms.tagmanager.v$3
com.google.android.gms.tagmanager.v$a
com.google.android.gms.tagmanager.v$b
com.google.android.gms.tagmanager.w
com.google.android.gms.tagmanager.x
com.google.android.gms.tagmanager.y
com.google.android.gms.tagmanager.z
com.google.android.gms.wallet.Address
com.google.android.gms.wallet.Cart
com.google.android.gms.wallet.Cart$1
com.google.android.gms.wallet.Cart$Builder
com.google.android.gms.wallet.CountrySpecification
com.google.android.gms.wallet.EnableWalletOptimizationReceiver
com.google.android.gms.wallet.FullWallet
com.google.android.gms.wallet.FullWalletRequest
com.google.android.gms.wallet.FullWalletRequest$1
com.google.android.gms.wallet.FullWalletRequest$Builder
com.google.android.gms.wallet.InstrumentInfo
com.google.android.gms.wallet.LineItem
com.google.android.gms.wallet.LineItem$1
com.google.android.gms.wallet.LineItem$Builder
com.google.android.gms.wallet.LineItem$Role
com.google.android.gms.wallet.LoyaltyWalletObject
com.google.android.gms.wallet.MaskedWallet
com.google.android.gms.wallet.MaskedWallet$1
com.google.android.gms.wallet.MaskedWallet$Builder
com.google.android.gms.wallet.MaskedWalletRequest
com.google.android.gms.wallet.MaskedWalletRequest$1
com.google.android.gms.wallet.MaskedWalletRequest$Builder
com.google.android.gms.wallet.NotifyTransactionStatusRequest
com.google.android.gms.wallet.NotifyTransactionStatusRequest$1
com.google.android.gms.wallet.NotifyTransactionStatusRequest$Builder
com.google.android.gms.wallet.NotifyTransactionStatusRequest$Status
com.google.android.gms.wallet.NotifyTransactionStatusRequest$Status$Error
com.google.android.gms.wallet.OfferWalletObject
com.google.android.gms.wallet.Payments
com.google.android.gms.wallet.ProxyCard
com.google.android.gms.wallet.Wallet
com.google.android.gms.wallet.Wallet$1
com.google.android.gms.wallet.Wallet$WalletOptions
com.google.android.gms.wallet.Wallet$WalletOptions$Builder